<?xml version="1.0" encoding="utf-8"?><testsuites name="pytest tests"><testsuite name="pytest" errors="0" failures="0" skipped="0" tests="10" time="2.138" timestamp="2026-08-19T09:15:06.461760+00:00" hostname="agent-env-a9ce7bf3-8a7a-4585-bcb5-5211c021cb9d"><testcase classname="tests.test_branding.TestBrandingDefaults" name="test_defaults_for_new_tenant" time="0.715" /><testcase classname="tests.test_branding.TestBrandingSaveAndValidate" name="test_put_valid" time="0.774" /><testcase classname="tests.test_branding.TestBrandingDefaults" name="test_settings_includes_branding_block" time="0.054" /><testcase classname="tests.test_branding.TestBrandingResize" name="test_100x100_png_resized_to_512" time="0.081" /><testcase classname="tests.test_branding.TestBrandingSaveAndValidate" name="test_invalid_hex_color" time="0.057" /><testcase classname="tests.test_branding.TestBrandingSaveAndValidate" name="test_short_name_too_long" time="0.102" /><testcase classname="tests.test_branding.TestBrandingReset" name="test_delete_resets_defaults" time="0.159" /><testcase classname="tests.test_branding.TestBrandingSaveAndValidate" name="test_app_name_too_long" time="0.095" /><testcase classname="tests.test_branding.TestBrandingSaveAndValidate" name="test_logo_too_large" time="0.566" /><testcase classname="tests.test_branding.TestTenantIsolation" name="test_isolation_admin_vs_new_tenant" time="0.806" /></testsuite></testsuites>