<?xml version="1.0" encoding="utf-8"?><testsuites name="pytest tests"><testsuite name="pytest" errors="0" failures="0" skipped="0" tests="9" time="4.533" timestamp="2026-08-19T09:03:07.337732+00:00" hostname="agent-env-a9ce7bf3-8a7a-4585-bcb5-5211c021cb9d"><testcase classname="tests.test_gemini_model_update" name="test_settings_returns_new_model_name" time="0.692" /><testcase classname="tests.test_gemini_model_update" name="test_source_constants_are_gemini_36_flash" time="0.001" /><testcase classname="tests.test_gemini_model_update" name="test_save_dummy_key" time="0.311" /><testcase classname="tests.test_gemini_model_update" name="test_gemini_test_endpoint_invalid_key_graceful" time="0.511" /><testcase classname="tests.test_gemini_model_update" name="test_ai_insights_invalid_key_graceful" time="0.172" /><testcase classname="tests.test_gemini_model_update" name="test_parallel_ai_calls_do_not_block" time="0.359" /><testcase classname="tests.test_gemini_model_update" name="test_error_traceback_logged_in_supervisor_log" time="1.168" /><testcase classname="tests.test_gemini_model_update" name="test_backend_responsive_after_ai_errors" time="0.401" /><testcase classname="tests.test_gemini_model_update" name="test_delete_gemini_key" time="0.358" /></testsuite></testsuites>