<?xml version="1.0" encoding="utf-8"?><testsuites name="pytest tests"><testsuite name="pytest" errors="0" failures="0" skipped="0" tests="54" time="28.171" timestamp="2026-08-19T09:32:09.249074+00:00" hostname="agent-env-a9ce7bf3-8a7a-4585-bcb5-5211c021cb9d"><testcase classname="tests.test_rbac.TestLoginShape" name="test_owner_login_shape" time="0.370" /><testcase classname="tests.test_rbac.TestLoginShape" name="test_cashier_login_shape_and_shared_tenant" time="0.680" /><testcase classname="tests.test_rbac.TestCashierForbidden" name="test_get_forbidden[/analytics/summary]" time="0.162" /><testcase classname="tests.test_rbac.TestCashierForbidden" name="test_get_forbidden[/analytics/net-profit]" time="0.106" /><testcase classname="tests.test_rbac.TestCashierForbidden" name="test_get_forbidden[/analytics/cashier-leaderboard]" time="0.108" /><testcase classname="tests.test_rbac.TestCashierForbidden" name="test_get_forbidden[/expenses]" time="0.126" /><testcase classname="tests.test_rbac.TestCashierForbidden" name="test_get_forbidden[/exports/transactions.xlsx]" time="0.127" /><testcase classname="tests.test_rbac.TestCashierForbidden" name="test_get_forbidden[/exports/inventory.xlsx]" time="0.113" /><testcase classname="tests.test_rbac.TestCashierForbidden" name="test_get_forbidden[/exports/shifts.xlsx]" time="0.117" /><testcase classname="tests.test_rbac.TestCashierForbidden" name="test_get_forbidden[/ai/suggest-bundles]" time="0.116" /><testcase classname="tests.test_rbac.TestCashierForbidden" name="test_get_forbidden[/ai/insights]" time="0.108" /><testcase classname="tests.test_rbac.TestCashierForbidden" name="test_get_forbidden[/online-orders]" time="0.154" /><testcase classname="tests.test_rbac.TestCashierForbidden" name="test_get_forbidden[/users]" time="0.112" /><testcase classname="tests.test_rbac.TestCashierForbidden" name="test_post_forbidden[/products-body0]" time="0.126" /><testcase classname="tests.test_rbac.TestCashierForbidden" name="test_post_forbidden[/products/import-body1]" time="0.110" /><testcase classname="tests.test_rbac.TestCashierForbidden" name="test_post_forbidden[/products/generate-sku-body2]" time="0.113" /><testcase classname="tests.test_rbac.TestCashierForbidden" name="test_post_forbidden[/settings/gemini/test-body3]" time="0.120" /><testcase classname="tests.test_rbac.TestCashierForbidden" name="test_post_forbidden[/expenses-body4]" time="0.118" /><testcase classname="tests.test_rbac.TestCashierForbidden" name="test_post_forbidden[/promotions-body5]" time="0.109" /><testcase classname="tests.test_rbac.TestCashierForbidden" name="test_post_forbidden[/ai/scan-receipt-body6]" time="0.104" /><testcase classname="tests.test_rbac.TestCashierForbidden" name="test_post_forbidden[/ai/confirm-restock-body7]" time="0.111" /><testcase classname="tests.test_rbac.TestCashierForbidden" name="test_post_forbidden[/ai/apply-bundle-body8]" time="0.110" /><testcase classname="tests.test_rbac.TestCashierForbidden" name="test_post_forbidden[/ai/parse-order-body9]" time="0.113" /><testcase classname="tests.test_rbac.TestCashierForbidden" name="test_post_forbidden[/whatsapp/send-body10]" time="0.117" /><testcase classname="tests.test_rbac.TestCashierForbidden" name="test_post_forbidden[/whatsapp/send-receipt-body11]" time="0.109" /><testcase classname="tests.test_rbac.TestCashierForbidden" name="test_post_forbidden[/users/cashier-body12]" time="0.113" /><testcase classname="tests.test_rbac.TestCashierForbidden" name="test_put_forbidden[/products/nonexistent-body0]" time="0.123" /><testcase classname="tests.test_rbac.TestCashierForbidden" name="test_put_forbidden[/settings/store-body1]" time="0.111" /><testcase classname="tests.test_rbac.TestCashierForbidden" name="test_put_forbidden[/settings/midtrans-body2]" time="0.112" /><testcase classname="tests.test_rbac.TestCashierForbidden" name="test_put_forbidden[/settings/fonnte-body3]" time="0.120" /><testcase classname="tests.test_rbac.TestCashierForbidden" name="test_put_forbidden[/settings/gemini-body4]" time="0.110" /><testcase classname="tests.test_rbac.TestCashierForbidden" name="test_put_forbidden[/settings/branding-body5]" time="0.120" /><testcase classname="tests.test_rbac.TestCashierForbidden" name="test_put_forbidden[/promotions/nonexistent-body6]" time="0.108" /><testcase classname="tests.test_rbac.TestCashierForbidden" name="test_put_forbidden[/users/nonexistent-body7]" time="0.116" /><testcase classname="tests.test_rbac.TestCashierForbidden" name="test_delete_forbidden[/products/nonexistent]" time="0.108" /><testcase classname="tests.test_rbac.TestCashierForbidden" name="test_delete_forbidden[/settings/gemini]" time="0.107" /><testcase classname="tests.test_rbac.TestCashierForbidden" name="test_delete_forbidden[/settings/branding]" time="0.136" /><testcase classname="tests.test_rbac.TestCashierForbidden" name="test_delete_forbidden[/expenses/nonexistent]" time="0.107" /><testcase classname="tests.test_rbac.TestCashierForbidden" name="test_delete_forbidden[/promotions/nonexistent]" time="0.128" /><testcase classname="tests.test_rbac.TestCashierForbidden" name="test_delete_forbidden[/users/nonexistent]" time="0.112" /><testcase classname="tests.test_rbac.TestCashierForbidden" name="test_customer_send_reminder_forbidden" time="0.108" /><testcase classname="tests.test_rbac.TestCashierForbidden" name="test_online_orders_mark_shipped_forbidden" time="0.115" /><testcase classname="tests.test_rbac.TestCashierForbidden" name="test_whatsapp_simulate_payment_forbidden" time="0.107" /><testcase classname="tests.test_rbac.TestCashierAllowed" name="test_get_products" time="0.139" /><testcase classname="tests.test_rbac.TestCashierAllowed" name="test_get_products_categories" time="0.118" /><testcase classname="tests.test_rbac.TestCashierAllowed" name="test_get_settings_read" time="0.110" /><testcase classname="tests.test_rbac.TestCashierAllowed" name="test_get_branding_read" time="0.115" /><testcase classname="tests.test_rbac.TestCashierAllowed" name="test_get_promotions_read" time="0.104" /><testcase classname="tests.test_rbac.TestCashierAllowed" name="test_promotions_preview" time="0.130" /><testcase classname="tests.test_rbac.TestCashierAllowed" name="test_list_transactions" time="0.152" /><testcase classname="tests.test_rbac.TestCashierAllowed" name="test_get_customers" time="0.105" /><testcase classname="tests.test_rbac.TestCashierAllowed" name="test_shift_and_transaction_flow" time="20.283" /><testcase classname="tests.test_rbac.TestOwnerUserManagement" name="test_list_users" time="0.111" /><testcase classname="tests.test_rbac.TestOwnerUserManagement" name="test_owner_reset_cashier_password_and_delete" time="0.907" /></testsuite></testsuites>